c:\users\mgbauman\source\repos\proceduralmodelling\dontsubmit\inter\debug\vc140.pdb
c:\users\mgbauman\source\repos\proceduralmodelling\dontsubmit\inter\debug\vc140.idb
c:\users\mgbauman\source\repos\proceduralmodelling\dontsubmit\inter\debug\glad.obj
c:\users\mgbauman\source\repos\proceduralmodelling\dontsubmit\inter\debug\boilerplate.obj
c:\users\mgbauman\source\repos\proceduralmodelling\dontsubmit\inter\debug\camera.obj
c:\users\mgbauman\source\repos\proceduralmodelling\dontsubmit\inter\debug\dummy.obj
c:\users\mgbauman\source\repos\proceduralmodelling\dontsubmit\inter\debug\glm.obj
c:\users\mgbauman\source\repos\proceduralmodelling\dontsubmit\inter\debug\box.obj
c:\users\mgbauman\source\repos\proceduralmodelling\dontsubmit\inter\debug\mcnode.obj
c:\cpsc\cpsc589\project\proceduralmodelling\dontsubmit\inter\debug\vc140.pdb
c:\cpsc\cpsc589\project\proceduralmodelling\dontsubmit\inter\debug\vc140.idb
c:\cpsc\cpsc589\project\proceduralmodelling\dontsubmit\inter\debug\boilerplate.obj
c:\cpsc\cpsc589\project\proceduralmodelling\dontsubmit\inter\debug\box.obj
c:\cpsc\cpsc589\project\proceduralmodelling\dontsubmit\inter\debug\camera.obj
c:\cpsc\cpsc589\project\proceduralmodelling\dontsubmit\inter\debug\mcnode.obj
c:\cpsc\cpsc589\project\proceduralmodelling\dontsubmit\inter\debug\glm.obj
c:\cpsc\cpsc589\project\proceduralmodelling\dontsubmit\inter\debug\glad.obj
c:\cpsc\cpsc589\project\proceduralmodelling\dontsubmit\bin\debug\boilerplate.ilk
c:\cpsc\cpsc589\project\proceduralmodelling\dontsubmit\bin\debug\boilerplate.exe
c:\cpsc\cpsc589\project\proceduralmodelling\dontsubmit\bin\debug\boilerplate.pdb
c:\cpsc\cpsc589\project\proceduralmodelling\dontsubmit\inter\debug\boilerplate.tlog\cl.command.1.tlog
c:\cpsc\cpsc589\project\proceduralmodelling\dontsubmit\inter\debug\boilerplate.tlog\cl.read.1.tlog
c:\cpsc\cpsc589\project\proceduralmodelling\dontsubmit\inter\debug\boilerplate.tlog\cl.write.1.tlog
c:\cpsc\cpsc589\project\proceduralmodelling\dontsubmit\inter\debug\boilerplate.tlog\link.command.1.tlog
c:\cpsc\cpsc589\project\proceduralmodelling\dontsubmit\inter\debug\boilerplate.tlog\link.read.1.tlog
c:\cpsc\cpsc589\project\proceduralmodelling\dontsubmit\inter\debug\boilerplate.tlog\link.write.1.tlog
